<?xml version="1.0" encoding="UTF-8"?>
<!-- Generated by org.testng.reporters.JUnitXMLReporter -->
<testsuite hostname="xebias-MacBook-Pro.local" ignored="0" name="Test-Execution" tests="7" failures="0" timestamp="28 May 2019 08:41:57 GMT" time="57.936" errors="0">
  <testcase name="Test_Contact_Us_Mandatory_Fields" time="1.161" classname="testCases.TestFunctionalities"/>
  <testcase name="Test_Contact_Us_homepage" time="0.156" classname="testCases.TestFunctionalities"/>
  <testcase name="Test_Field_I_am_looking_into" time="0.592" classname="testCases.TestFunctionalities"/>
  <testcase name="Test_Intial_Sub_Product" time="1.22" classname="testCases.TestFunctionalities"/>
  <testcase name="Test_Mashreq_News" time="0.079" classname="testCases.TestFunctionalities"/>
  <testcase name="Test_Mobile_number" time="1.571" classname="testCases.TestFunctionalities"/>
  <testcase name="Test_NavigationBar" time="0.616" classname="testCases.TestFunctionalities"/>
</testsuite> <!-- Test-Execution -->
