<?xml version="1.0" encoding="UTF-8"?>
<!-- Generated by org.testng.reporters.JUnitReportReporter -->
<testsuite skipped="0" hostname="xebias-MacBook-Pro.local" name="testCases.TestFunctionalities" tests="7" failures="0" timestamp="12 Jun 2019 10:30:01 GMT" time="64.386" errors="0">
  <testcase name="Test_Contact_Us_Mandatory_Fields" time="9.073" classname="testCases.TestFunctionalities"/>
  <testcase name="Test_Contact_Us_homepage" time="9.011" classname="testCases.TestFunctionalities"/>
  <testcase name="Test_Mobile_number" time="10.163" classname="testCases.TestFunctionalities"/>
  <testcase name="Test_Intial_Sub_Product" time="9.686" classname="testCases.TestFunctionalities"/>
  <testcase name="Test_Field_I_am_looking_into" time="10.062" classname="testCases.TestFunctionalities"/>
  <testcase name="Test_NavigationBar" time="7.950" classname="testCases.TestFunctionalities"/>
  <testcase name="Test_Mashreq_News" time="8.441" classname="testCases.TestFunctionalities"/>
</testsuite> <!-- testCases.TestFunctionalities -->
