<?xml version="1.0" encoding="UTF-8"?>
<!-- Generated by org.testng.reporters.JUnitReportReporter -->
<testsuite skipped="0" hostname="xebias-MacBook-Pro.local" name="testCases.TestFunctionalities" tests="7" failures="0" timestamp="28 May 2019 08:41:57 GMT" time="57.898" errors="0">
  <testcase name="Test_Contact_Us_Mandatory_Fields" time="7.476" classname="testCases.TestFunctionalities"/>
  <testcase name="Test_Intial_Sub_Product" time="8.804" classname="testCases.TestFunctionalities"/>
  <testcase name="Test_Field_I_am_looking_into" time="8.227" classname="testCases.TestFunctionalities"/>
  <testcase name="Test_Mobile_number" time="9.008" classname="testCases.TestFunctionalities"/>
  <testcase name="Test_Mashreq_News" time="6.964" classname="testCases.TestFunctionalities"/>
  <testcase name="Test_NavigationBar" time="8.533" classname="testCases.TestFunctionalities"/>
  <testcase name="Test_Contact_Us_homepage" time="8.886" classname="testCases.TestFunctionalities"/>
</testsuite> <!-- testCases.TestFunctionalities -->
