<?xml version="1.0" encoding="UTF-8"?>
<!-- Generated by org.testng.reporters.JUnitReportReporter -->
<testsuite skipped="6" hostname="xebias-MacBook-Pro.local" name="testCases.TestFunctionalities" tests="7" failures="0" timestamp="29 May 2019 10:58:45 GMT" time="7.617" errors="0">
  <testcase name="Test_Mobile_number" time="7.617" classname="testCases.TestFunctionalities"/>
  <testcase name="Test_Mashreq_News" classname="testCases.TestFunctionalities">
    <skipped/>
  </testcase> <!-- Test_Mashreq_News -->
  <testcase name="Test_Contact_Us_Mandatory_Fields" classname="testCases.TestFunctionalities">
    <skipped/>
  </testcase> <!-- Test_Contact_Us_Mandatory_Fields -->
  <testcase name="Test_NavigationBar" classname="testCases.TestFunctionalities">
    <skipped/>
  </testcase> <!-- Test_NavigationBar -->
  <testcase name="Test_Contact_Us_homepage" classname="testCases.TestFunctionalities">
    <skipped/>
  </testcase> <!-- Test_Contact_Us_homepage -->
  <testcase name="Test_Field_I_am_looking_into" classname="testCases.TestFunctionalities">
    <skipped/>
  </testcase> <!-- Test_Field_I_am_looking_into -->
  <testcase name="Test_Intial_Sub_Product" classname="testCases.TestFunctionalities">
    <skipped/>
  </testcase> <!-- Test_Intial_Sub_Product -->
</testsuite> <!-- testCases.TestFunctionalities -->
